<?xml version="1.0" encoding="UTF-8"?>
<!-- Generated by org.testng.reporters.JUnitReportReporter -->
<testsuite hostname="FANGJINWEI" name="com.gome.monitoringplatform.job.MonitoCpsJobImplTest" tests="1" failures="0" timestamp="29 Jul 2016 01:43:05 GMT" time="1.757" errors="0">
  <testcase name="testsdfsdf" time="1.757" classname="com.gome.monitoringplatform.job.MonitoCpsJobImplTest"/>
</testsuite> <!-- com.gome.monitoringplatform.job.MonitoCpsJobImplTest -->
