<?xml version="1.0" encoding="UTF-8"?>
<!-- Generated by org.testng.reporters.JUnitReportReporter -->
<testsuite hostname="FANGJINWEI" name="com.gome.monitoringplatform.salve.GomeLoginInfoDAOTest" tests="1" failures="0" timestamp="7 Jul 2016 06:39:05 GMT" time="0.149" errors="0">
  <testcase name="testSearchList" time="0.149" classname="com.gome.monitoringplatform.salve.GomeLoginInfoDAOTest"/>
</testsuite> <!-- com.gome.monitoringplatform.salve.GomeLoginInfoDAOTest -->
