<?xml version="1.0" encoding="UTF-8"?>
<!-- Generated by org.testng.reporters.JUnitReportReporter -->
<testsuite hostname="FANGJINWEI" name="com.gome.monitoringplatform.salve.NotPayDAOTest" tests="1" failures="0" timestamp="28 Jul 2016 07:32:23 GMT" time="1.457" errors="0">
  <testcase name="testSearchCps" time="1.457" classname="com.gome.monitoringplatform.salve.NotPayDAOTest"/>
</testsuite> <!-- com.gome.monitoringplatform.salve.NotPayDAOTest -->
