<?xml version="1.0" encoding="UTF-8"?>
<!-- Generated by org.testng.reporters.JUnitReportReporter -->
<testsuite hostname="FANGJINWEI" name="com.gome.monitoringplatform.MoOrderNotRechargeDAOTest" tests="1" failures="0" timestamp="15 Jul 2016 07:26:15 GMT" time="0.790" errors="0">
  <testcase name="addObj" time="0.790" classname="com.gome.monitoringplatform.MoOrderNotRechargeDAOTest"/>
</testsuite> <!-- com.gome.monitoringplatform.MoOrderNotRechargeDAOTest -->
