<?xml version="1.0" encoding="UTF-8"?>
<!-- Generated by org.testng.reporters.JUnitReportReporter -->
<testsuite hostname="FANGJINWEI" name="com.gome.monitoringplatform.MoOrderStateDAOTest" tests="1" failures="0" timestamp="12 Jul 2016 06:58:22 GMT" time="1.004" errors="0">
  <testcase name="addObj" time="1.004" classname="com.gome.monitoringplatform.MoOrderStateDAOTest"/>
</testsuite> <!-- com.gome.monitoringplatform.MoOrderStateDAOTest -->
