<?xml version="1.0" encoding="UTF-8"?>
<!-- Generated by org.testng.reporters.JUnitReportReporter -->
<testsuite hostname="FANGJINWEI" name="com.gome.monitoringplatform.salve.MoBusinessDaoTest" tests="1" failures="0" timestamp="28 Jul 2016 12:18:15 GMT" time="1.753" errors="0">
  <testcase name="testSearchList" time="1.753" classname="com.gome.monitoringplatform.salve.MoBusinessDaoTest"/>
</testsuite> <!-- com.gome.monitoringplatform.salve.MoBusinessDaoTest -->
