<?xml version="1.0" encoding="UTF-8"?>
<!-- Generated by org.testng.reporters.JUnitReportReporter -->
<testsuite hostname="FANGJINWEI" name="com.gome.monitoringplatform.job.MonitoPayRatioJobImplTest" tests="1" failures="0" timestamp="29 Jul 2016 01:38:38 GMT" time="0.379" errors="0">
  <testcase name="testsdfsdf" time="0.379" classname="com.gome.monitoringplatform.job.MonitoPayRatioJobImplTest"/>
</testsuite> <!-- com.gome.monitoringplatform.job.MonitoPayRatioJobImplTest -->
