<?xml version="1.0" encoding="UTF-8"?>
<!-- Generated by org.testng.reporters.JUnitReportReporter -->
<testsuite hostname="FANGJINWEI" name="com.gome.monitoringplatform.job.MonitoLoginInfoJobTest" tests="1" failures="0" timestamp="29 Jul 2016 01:38:08 GMT" time="0.358" errors="0">
  <testcase name="testsdfsdf" time="0.358" classname="com.gome.monitoringplatform.job.MonitoLoginInfoJobTest"/>
</testsuite> <!-- com.gome.monitoringplatform.job.MonitoLoginInfoJobTest -->
