<?xml version="1.0" encoding="UTF-8"?>
<!-- Generated by org.testng.reporters.JUnitReportReporter -->
<testsuite hostname="FANGJINWEI" name="com.gome.monitoringplatform.MoPayRatioDAOTest" tests="1" failures="0" timestamp="29 Jul 2016 06:06:52 GMT" time="0.242" errors="0">
  <testcase name="searchListNow" time="0.242" classname="com.gome.monitoringplatform.MoPayRatioDAOTest"/>
</testsuite> <!-- com.gome.monitoringplatform.MoPayRatioDAOTest -->
