<?xml version="1.0" encoding="UTF-8"?>
<!-- Generated by org.testng.reporters.JUnitReportReporter -->
<testsuite hostname="FANGJINWEI" name="com.gome.monitoringplatform.MoLoginInfoDAOTest" tests="1" failures="0" timestamp="15 Jul 2016 07:25:40 GMT" time="5.780" errors="0">
  <testcase name="addObj" time="5.780" classname="com.gome.monitoringplatform.MoLoginInfoDAOTest"/>
</testsuite> <!-- com.gome.monitoringplatform.MoLoginInfoDAOTest -->
